<?xml version="1.0" encoding="UTF-8"?>
<!-- Generated by org.testng.reporters.JUnitReportReporter -->
<testsuite hostname="DESKTOP-BH3MCQC" failures="0" tests="1" name="subho.MyTest1" time="9.691" errors="0" timestamp="2024-10-08T18:12:30 IST" skipped="0">
  <testcase classname="subho.MyTest1" name="validation" time="9.691"/>
</testsuite> <!-- subho.MyTest1 -->
